<?xml version="1.0" encoding="UTF-8"?>
<!-- Generated by org.testng.reporters.JUnitReportReporter -->
<testsuite hostname="IN-B949L13" failures="0" tests="1" name="com.test.HelloWorld.AppTest" time="0.024" errors="0" timestamp="2023-08-02T13:07:48 IST" skipped="0">
  <testcase classname="com.test.HelloWorld.AppTest" name="shouldAnswerWithTrue" time="0.024"/>
  <system-out/>
</testsuite> <!-- com.test.HelloWorld.AppTest -->
